Determining if the C compiler works failed with the following output:
Change Dir: /home/andre/catkin_ws/src/TurtlebotConveyor/conveyor_control/build/CMakeFiles/CMakeTmp

Run Build Command(s):/usr/bin/make cmTC_dd5ac/fast && /usr/bin/make -f CMakeFiles/cmTC_dd5ac.dir/build.make CMakeFiles/cmTC_dd5ac.dir/build
make[1]: Entering directory '/home/andre/catkin_ws/src/TurtlebotConveyor/conveyor_control/build/CMakeFiles/CMakeTmp'
Building C object CMakeFiles/cmTC_dd5ac.dir/testCCompiler.c.o
/usr/bin/avr-gcc    -o CMakeFiles/cmTC_dd5ac.dir/testCCompiler.c.o   -c /home/andre/catkin_ws/src/TurtlebotConveyor/conveyor_control/build/CMakeFiles/CMakeTmp/testCCompiler.c
Linking C executable cmTC_dd5ac
/usr/bin/cmake -E cmake_link_script CMakeFiles/cmTC_dd5ac.dir/link.txt --verbose=1
/usr/bin/avr-gcc      -rdynamic CMakeFiles/cmTC_dd5ac.dir/testCCompiler.c.o  -o cmTC_dd5ac 
avr-gcc: error: unrecognized command line option ‘-rdynamic’
make[1]: *** [CMakeFiles/cmTC_dd5ac.dir/build.make:87: cmTC_dd5ac] Error 1
make[1]: Leaving directory '/home/andre/catkin_ws/src/TurtlebotConveyor/conveyor_control/build/CMakeFiles/CMakeTmp'
make: *** [Makefile:121: cmTC_dd5ac/fast] Error 2



Determining if the C compiler works failed with the following output:
Change Dir: /home/andre/catkin_ws/src/TurtlebotConveyor/conveyor_control/build/CMakeFiles/CMakeTmp

Run Build Command(s):/usr/bin/make cmTC_79c68/fast && /usr/bin/make -f CMakeFiles/cmTC_79c68.dir/build.make CMakeFiles/cmTC_79c68.dir/build
make[1]: Entering directory '/home/andre/catkin_ws/src/TurtlebotConveyor/conveyor_control/build/CMakeFiles/CMakeTmp'
Building C object CMakeFiles/cmTC_79c68.dir/testCCompiler.c.o
/usr/bin/avr-gcc    -o CMakeFiles/cmTC_79c68.dir/testCCompiler.c.o   -c /home/andre/catkin_ws/src/TurtlebotConveyor/conveyor_control/build/CMakeFiles/CMakeTmp/testCCompiler.c
Linking C executable cmTC_79c68
/usr/bin/cmake -E cmake_link_script CMakeFiles/cmTC_79c68.dir/link.txt --verbose=1
/usr/bin/avr-gcc      -rdynamic CMakeFiles/cmTC_79c68.dir/testCCompiler.c.o  -o cmTC_79c68 
avr-gcc: error: unrecognized command line option ‘-rdynamic’
make[1]: *** [CMakeFiles/cmTC_79c68.dir/build.make:87: cmTC_79c68] Error 1
make[1]: Leaving directory '/home/andre/catkin_ws/src/TurtlebotConveyor/conveyor_control/build/CMakeFiles/CMakeTmp'
make: *** [Makefile:121: cmTC_79c68/fast] Error 2



Determining if the C compiler works failed with the following output:
Change Dir: /home/andre/catkin_ws/src/TurtlebotConveyor/conveyor_control/build/CMakeFiles/CMakeTmp

Run Build Command(s):/usr/bin/make cmTC_b2b02/fast && /usr/bin/make -f CMakeFiles/cmTC_b2b02.dir/build.make CMakeFiles/cmTC_b2b02.dir/build
make[1]: Entering directory '/home/andre/catkin_ws/src/TurtlebotConveyor/conveyor_control/build/CMakeFiles/CMakeTmp'
Building C object CMakeFiles/cmTC_b2b02.dir/testCCompiler.c.o
/usr/bin/avr-gcc    -o CMakeFiles/cmTC_b2b02.dir/testCCompiler.c.o   -c /home/andre/catkin_ws/src/TurtlebotConveyor/conveyor_control/build/CMakeFiles/CMakeTmp/testCCompiler.c
Linking C executable cmTC_b2b02
/usr/bin/cmake -E cmake_link_script CMakeFiles/cmTC_b2b02.dir/link.txt --verbose=1
/usr/bin/avr-gcc      -rdynamic CMakeFiles/cmTC_b2b02.dir/testCCompiler.c.o  -o cmTC_b2b02 
avr-gcc: error: unrecognized command line option ‘-rdynamic’
make[1]: *** [CMakeFiles/cmTC_b2b02.dir/build.make:87: cmTC_b2b02] Error 1
make[1]: Leaving directory '/home/andre/catkin_ws/src/TurtlebotConveyor/conveyor_control/build/CMakeFiles/CMakeTmp'
make: *** [Makefile:121: cmTC_b2b02/fast] Error 2



Determining if the C compiler works failed with the following output:
Change Dir: /home/andre/catkin_ws/src/TurtlebotConveyor/conveyor_control/build/CMakeFiles/CMakeTmp

Run Build Command(s):/usr/bin/make cmTC_cd69b/fast && /usr/bin/make -f CMakeFiles/cmTC_cd69b.dir/build.make CMakeFiles/cmTC_cd69b.dir/build
make[1]: Entering directory '/home/andre/catkin_ws/src/TurtlebotConveyor/conveyor_control/build/CMakeFiles/CMakeTmp'
Building C object CMakeFiles/cmTC_cd69b.dir/testCCompiler.c.o
/usr/bin/avr-gcc    -o CMakeFiles/cmTC_cd69b.dir/testCCompiler.c.o   -c /home/andre/catkin_ws/src/TurtlebotConveyor/conveyor_control/build/CMakeFiles/CMakeTmp/testCCompiler.c
Linking C executable cmTC_cd69b
/usr/bin/cmake -E cmake_link_script CMakeFiles/cmTC_cd69b.dir/link.txt --verbose=1
/usr/bin/avr-gcc      -rdynamic CMakeFiles/cmTC_cd69b.dir/testCCompiler.c.o  -o cmTC_cd69b 
avr-gcc: error: unrecognized command line option ‘-rdynamic’
make[1]: *** [CMakeFiles/cmTC_cd69b.dir/build.make:87: cmTC_cd69b] Error 1
make[1]: Leaving directory '/home/andre/catkin_ws/src/TurtlebotConveyor/conveyor_control/build/CMakeFiles/CMakeTmp'
make: *** [Makefile:121: cmTC_cd69b/fast] Error 2



